<?xml version="1.0" encoding="UTF-8"?>
<!-- Generated by org.testng.reporters.JUnitReportReporter -->
<testsuite hostname="LAPTOP-49NGM1OE" failures="0" tests="1" name="com.demoshop.tests.RegistrationTest" time="11.128" errors="0" timestamp="2024-10-04T11:59:31 IST" skipped="0">
  <testcase classname="com.demoshop.tests.RegistrationTest" name="verifyRegisteredUsercanVoteInCommunityPoll" time="11.128"/>
</testsuite> <!-- com.demoshop.tests.RegistrationTest -->
