<?xml version="1.0" encoding="UTF-8"?>
<!-- Generated by org.testng.reporters.JUnitReportReporter -->
<testsuite hostname="LAPTOP-49NGM1OE" failures="0" tests="1" name="com.demoshop.tests.RegistrationDP2" time="15.440" errors="0" timestamp="2024-10-09T01:17:41 IST" skipped="0">
  <testcase classname="com.demoshop.tests.RegistrationDP2" name="verifyUserIsAbleToMultipleRegisterUsingCorrectCreds" time="15.440"/>
</testsuite> <!-- com.demoshop.tests.RegistrationDP2 -->
