<?xml version="1.0" encoding="UTF-8"?>
<!-- Generated by org.testng.reporters.JUnitReportReporter -->
<testsuite hostname="LAPTOP-49NGM1OE" failures="0" tests="1" name="com.demoshop.tests.AddCommentInWebsite" time="24.536" errors="0" timestamp="2024-10-11T23:03:14 IST" skipped="0">
  <testcase classname="com.demoshop.tests.AddCommentInWebsite" name="verifyIfUserIsAbleToAddComments" time="24.536"/>
</testsuite> <!-- com.demoshop.tests.AddCommentInWebsite -->
