<?xml version="1.0" encoding="UTF-8"?>
<!-- Generated by org.testng.reporters.JUnitReportReporter -->
<testsuite hostname="LAPTOP-49NGM1OE" failures="0" tests="1" name="com.demoshop.tests.EmailAFriendTest" time="19.085" errors="0" timestamp="2024-10-09T12:14:33 IST" skipped="0">
  <testcase classname="com.demoshop.tests.EmailAFriendTest" name="UserIsAbleToEmailAProductToAFriend" time="19.085"/>
</testsuite> <!-- com.demoshop.tests.EmailAFriendTest -->
