<?xml version="1.0" encoding="UTF-8"?>
<!-- Generated by org.testng.reporters.JUnitReportReporter -->
<testsuite hostname="LAPTOP-49NGM1OE" failures="0" tests="1" name="com.demoshop.tests.E2ECheckoutTest" time="19.337" errors="0" timestamp="2024-10-11T01:32:02 IST" skipped="0">
  <testcase classname="com.demoshop.tests.E2ECheckoutTest" name="verifyNewUserRegistersAndCheckoutProduct" time="19.337"/>
</testsuite> <!-- com.demoshop.tests.E2ECheckoutTest -->
