<?xml version="1.0" encoding="UTF-8"?>
<!-- Generated by org.testng.reporters.JUnitReportReporter -->
<testsuite hostname="LAPTOP-49NGM1OE" failures="0" tests="1" name="com.demoshop.tests.AddToWishListTest" time="11.115" errors="0" timestamp="2024-10-04T03:07:31 IST" skipped="0">
  <testcase classname="com.demoshop.tests.AddToWishListTest" name="UserIsAbleToAddItemsToWishList" time="11.115"/>
</testsuite> <!-- com.demoshop.tests.AddToWishListTest -->
