<?xml version="1.0" encoding="UTF-8"?>
<!-- Generated by org.testng.reporters.JUnitReportReporter -->
<testsuite hostname="LAPTOP-49NGM1OE" failures="0" tests="1" name="com.demoshop.tests.SubscriptionTest" time="272.490" errors="0" timestamp="2024-10-09T17:15:39 IST" skipped="0">
  <testcase classname="com.demoshop.tests.SubscriptionTest" name="verifyUserIsAbleToSubscribeWithValidEmail" time="272.490"/>
</testsuite> <!-- com.demoshop.tests.SubscriptionTest -->
