<?xml version="1.0" encoding="UTF-8"?>
<!-- Generated by org.testng.reporters.JUnitReportReporter -->
<testsuite hostname="LAPTOP-49NGM1OE" failures="0" tests="1" name="com.demoshop.tests.RemoveItemFrmCartTest" time="11.746" errors="0" timestamp="2024-10-10T03:08:19 IST" skipped="0">
  <testcase classname="com.demoshop.tests.RemoveItemFrmCartTest" name="verifyUserCanRemoveItemFromCart" time="11.746"/>
</testsuite> <!-- com.demoshop.tests.RemoveItemFrmCartTest -->
