<?xml version="1.0" encoding="UTF-8"?>
<!-- Generated by org.testng.reporters.JUnitReportReporter -->
<testsuite hostname="LAPTOP-49NGM1OE" failures="0" tests="1" name="com.demoshop.tests.CommunityPollResult" time="11.440" errors="0" timestamp="2024-10-10T05:30:55 IST" skipped="0">
  <testcase classname="com.demoshop.tests.CommunityPollResult" name="userIsAbleToDoCommunityPoll" time="11.440"/>
</testsuite> <!-- com.demoshop.tests.CommunityPollResult -->
