<?xml version="1.0" encoding="UTF-8"?>
<!-- Generated by org.testng.reporters.JUnitReportReporter -->
<testsuite hostname="LAPTOP-49NGM1OE" failures="0" tests="1" name="com.demoshop.tests.SubscriptionTest" time="12.989" errors="0" timestamp="2024-10-08T09:35:49 IST" skipped="0">
  <testcase classname="com.demoshop.tests.SubscriptionTest" name="verifyUserIsAbleToSubscribeWithValidEmail" time="12.989"/>
</testsuite> <!-- com.demoshop.tests.SubscriptionTest -->
