<?xml version="1.0" encoding="UTF-8"?>
<!-- Generated by org.testng.reporters.JUnitReportReporter -->
<testsuite hostname="LAPTOP-49NGM1OE" failures="0" tests="1" name="com.demoshop.tests.AddToWishList" time="12.051" errors="0" timestamp="2024-10-10T02:24:12 IST" skipped="0">
  <testcase classname="com.demoshop.tests.AddToWishList" name="verifyUserCanAddItemToWishList" time="12.051"/>
</testsuite> <!-- com.demoshop.tests.AddToWishList -->
