<?xml version="1.0" encoding="UTF-8"?>
<!-- Generated by org.testng.reporters.JUnitReportReporter -->
<testsuite hostname="LAPTOP-49NGM1OE" failures="0" tests="1" name="com.demoshop.tests.LoginTest" time="7.460" errors="0" timestamp="2024-10-13T19:29:15 IST" skipped="0">
  <testcase classname="com.demoshop.tests.LoginTest" name="verifyUserIsAbleToLoginWithValidCreds" time="7.460"/>
</testsuite> <!-- com.demoshop.tests.LoginTest -->
