<?xml version="1.0" encoding="UTF-8"?>
<!-- Generated by org.testng.reporters.JUnitReportReporter -->
<testsuite hostname="LAPTOP-49NGM1OE" failures="0" tests="1" name="com.demoshop.tests.FilterAndBuyBook" time="10.567" errors="0" timestamp="2024-10-11T01:44:33 IST" skipped="0">
  <testcase classname="com.demoshop.tests.FilterAndBuyBook" name="UserIsAbleToFilterAndBuyBook" time="10.567"/>
</testsuite> <!-- com.demoshop.tests.FilterAndBuyBook -->
