<?xml version="1.0" encoding="UTF-8"?>
<!-- Generated by org.testng.reporters.JUnitReportReporter -->
<testsuite hostname="LAPTOP-49NGM1OE" failures="0" tests="1" name="com.demoshop.tests.ExcelRegistrationTest" time="18.035" errors="0" timestamp="2024-10-12T15:10:46 IST" skipped="0">
  <testcase classname="com.demoshop.tests.ExcelRegistrationTest" name="verifyUserIsAbleToRegisterUsingCorrectCreds" time="18.035"/>
</testsuite> <!-- com.demoshop.tests.ExcelRegistrationTest -->
