<?xml version="1.0" encoding="UTF-8"?>
<!-- Generated by org.testng.reporters.JUnitReportReporter -->
<testsuite hostname="LAPTOP-49NGM1OE" failures="0" tests="1" name="com.demoshop.tests.LoginTest" time="9.039" errors="0" timestamp="2024-10-11T01:08:34 IST" skipped="0">
  <testcase classname="com.demoshop.tests.LoginTest" name="verifyUserIsAbleToLoginWithValidCreds" time="9.039"/>
</testsuite> <!-- com.demoshop.tests.LoginTest -->
