<?xml version="1.0" encoding="UTF-8"?>
<!-- Generated by org.testng.reporters.JUnitReportReporter -->
<testsuite hostname="LAPTOP-49NGM1OE" failures="0" tests="1" name="com.demoshop.tests.RegistrationDP" time="17.713" errors="0" timestamp="2024-10-12T15:10:46 IST" skipped="0">
  <testcase classname="com.demoshop.tests.RegistrationDP" name="verifyUserIsAbleToMultipleRegisterUsingCorrectCreds" time="17.713"/>
</testsuite> <!-- com.demoshop.tests.RegistrationDP -->
